[21-Nov-2023 19:12:03] NOTICE: fpm is running, pid 14729
[21-Nov-2023 19:12:03] NOTICE: ready to handle connections
[21-Nov-2023 19:48:22] NOTICE: Terminating ...
[21-Nov-2023 19:48:22] NOTICE: Terminating ...
[21-Nov-2023 19:48:22] NOTICE: exiting, bye-bye!
[22-Nov-2023 10:49:21] NOTICE: fpm is running, pid 3920
[22-Nov-2023 10:49:21] NOTICE: ready to handle connections
[22-Nov-2023 10:58:42] NOTICE: Terminating ...
[22-Nov-2023 10:58:42] NOTICE: Terminating ...
[22-Nov-2023 10:58:42] NOTICE: exiting, bye-bye!
[22-Nov-2023 11:00:13] NOTICE: fpm is running, pid 4193
[22-Nov-2023 11:00:13] NOTICE: ready to handle connections
[22-Nov-2023 11:01:15] NOTICE: Terminating ...
[22-Nov-2023 11:01:15] ERROR: unable to read what child say: Bad file descriptor (9)
[22-Nov-2023 11:01:15] ERROR: unable to read what child say: Bad file descriptor (9)
[22-Nov-2023 11:01:15] NOTICE: exiting, bye-bye!
[22-Nov-2023 11:01:30] NOTICE: fpm is running, pid 4262
[22-Nov-2023 11:01:30] NOTICE: ready to handle connections
[22-Nov-2023 15:41:42] NOTICE: Terminating ...
[22-Nov-2023 15:41:42] NOTICE: Terminating ...
[22-Nov-2023 15:41:42] NOTICE: exiting, bye-bye!
